Der Buildvorgang wurde am 24.03.2015 23:52:39 gestartet.
     1>Projekt "C:\Users\Tobi\Documents\Visual Studio 2013\Projects\farbspiel\farbspiel\farbspiel.vcxproj" auf Knoten "2", Build Ziel(e).
     1>ClCompile:
         C:\Program Files (x86)\Microsoft Visual Studio 12.0\VC\bin\CL.exe /c /ISDL2/include /ZI /nologo /W3 /WX- /Od /Oy- /D WIN32 /D _DEBUG /D _CONSOLE /D _LIB /D _UNICODE /D UNICODE /Gm /EHsc /RTC1 /MDd /GS /fp:precise /Zc:wchar_t /Zc:forScope /Fo"Debug\\" /Fd"Debug\vc120.pdb" /Gd /TP /analyze- /errorReport:prompt Game.cpp
         Game.cpp
     1>c:\users\tobi\documents\visual studio 2013\projects\farbspiel\farbspiel\game.cpp(14): warning C4244: 'Initialisierung': Konvertierung von 'double' in 'int', möglicher Datenverlust
     1>c:\users\tobi\documents\visual studio 2013\projects\farbspiel\farbspiel\game.cpp(15): warning C4244: '=': Konvertierung von 'double' in 'int', möglicher Datenverlust
     1>c:\users\tobi\documents\visual studio 2013\projects\farbspiel\farbspiel\game.cpp(17): warning C4244: '=': Konvertierung von 'double' in 'int', möglicher Datenverlust
     1>c:\users\tobi\documents\visual studio 2013\projects\farbspiel\farbspiel\game.cpp(18): warning C4244: '=': Konvertierung von 'double' in 'int', möglicher Datenverlust
     1>c:\users\tobi\documents\visual studio 2013\projects\farbspiel\farbspiel\game.cpp(19): warning C4244: '=': Konvertierung von 'double' in 'int', möglicher Datenverlust
     1>c:\users\tobi\documents\visual studio 2013\projects\farbspiel\farbspiel\game.cpp(20): warning C4244: '=': Konvertierung von 'double' in 'int', möglicher Datenverlust
     1>c:\users\tobi\documents\visual studio 2013\projects\farbspiel\farbspiel\game.cpp(21): warning C4244: '=': Konvertierung von 'double' in 'int', möglicher Datenverlust
     1>c:\users\tobi\documents\visual studio 2013\projects\farbspiel\farbspiel\game.cpp(85): warning C4244: 'Argument': Konvertierung von 'double' in 'int', möglicher Datenverlust
     1>c:\users\tobi\documents\visual studio 2013\projects\farbspiel\farbspiel\game.cpp(87): warning C4244: 'Argument': Konvertierung von 'double' in 'int', möglicher Datenverlust
     1>c:\users\tobi\documents\visual studio 2013\projects\farbspiel\farbspiel\game.cpp(89): warning C4244: 'Initialisierung': Konvertierung von 'float' in 'int', möglicher Datenverlust
     1>c:\users\tobi\documents\visual studio 2013\projects\farbspiel\farbspiel\game.cpp(90): warning C4244: 'Argument': Konvertierung von 'int' in 'float', möglicher Datenverlust
     1>c:\users\tobi\documents\visual studio 2013\projects\farbspiel\farbspiel\game.cpp(134): warning C4244: 'Initialisierung': Konvertierung von 'float' in 'int', möglicher Datenverlust
     1>c:\users\tobi\documents\visual studio 2013\projects\farbspiel\farbspiel\game.cpp(135): warning C4244: 'Argument': Konvertierung von 'int' in 'float', möglicher Datenverlust
     1>c:\users\tobi\documents\visual studio 2013\projects\farbspiel\farbspiel\game.cpp(143): warning C4244: 'Argument': Konvertierung von 'float' in 'Uint32', möglicher Datenverlust
     1>c:\users\tobi\documents\visual studio 2013\projects\farbspiel\farbspiel\game.cpp(160): warning C4244: '=': Konvertierung von 'double' in 'int', möglicher Datenverlust
     1>c:\users\tobi\documents\visual studio 2013\projects\farbspiel\farbspiel\game.cpp(161): warning C4244: '=': Konvertierung von 'double' in 'int', möglicher Datenverlust
     1>c:\users\tobi\documents\visual studio 2013\projects\farbspiel\farbspiel\game.cpp(162): warning C4244: '=': Konvertierung von 'double' in 'int', möglicher Datenverlust
     1>c:\users\tobi\documents\visual studio 2013\projects\farbspiel\farbspiel\game.cpp(169): warning C4244: 'Initialisierung': Konvertierung von 'double' in 'int', möglicher Datenverlust
     1>c:\users\tobi\documents\visual studio 2013\projects\farbspiel\farbspiel\game.cpp(205): warning C4244: '=': Konvertierung von 'float' in 'int', möglicher Datenverlust
     1>c:\users\tobi\documents\visual studio 2013\projects\farbspiel\farbspiel\game.cpp(372): warning C4244: 'Initialisierung': Konvertierung von 'float' in 'int', möglicher Datenverlust
     1>c:\users\tobi\documents\visual studio 2013\projects\farbspiel\farbspiel\game.cpp(373): warning C4244: 'Argument': Konvertierung von 'int' in 'float', möglicher Datenverlust
     1>c:\users\tobi\documents\visual studio 2013\projects\farbspiel\farbspiel\game.cpp(391): warning C4244: 'Initialisierung': Konvertierung von 'float' in 'int', möglicher Datenverlust
     1>c:\users\tobi\documents\visual studio 2013\projects\farbspiel\farbspiel\game.cpp(392): warning C4244: 'Argument': Konvertierung von 'int' in 'float', möglicher Datenverlust
     1>c:\users\tobi\documents\visual studio 2013\projects\farbspiel\farbspiel\game.cpp(416): warning C4244: 'Initialisierung': Konvertierung von 'float' in 'int', möglicher Datenverlust
     1>c:\users\tobi\documents\visual studio 2013\projects\farbspiel\farbspiel\game.cpp(540): warning C4244: 'Initialisierung': Konvertierung von 'int' in 'float', möglicher Datenverlust
     1>c:\users\tobi\documents\visual studio 2013\projects\farbspiel\farbspiel\game.cpp(556): warning C4244: '=': Konvertierung von 'float' in 'int', möglicher Datenverlust
     1>c:\users\tobi\documents\visual studio 2013\projects\farbspiel\farbspiel\game.cpp(557): warning C4244: '=': Konvertierung von 'float' in 'int', möglicher Datenverlust
     1>c:\users\tobi\documents\visual studio 2013\projects\farbspiel\farbspiel\game.cpp(561): warning C4244: '=': Konvertierung von 'float' in 'int', möglicher Datenverlust
     1>c:\users\tobi\documents\visual studio 2013\projects\farbspiel\farbspiel\game.cpp(562): warning C4244: '=': Konvertierung von 'float' in 'int', möglicher Datenverlust
     1>c:\users\tobi\documents\visual studio 2013\projects\farbspiel\farbspiel\game.cpp(580): warning C4244: 'Initialisierung': Konvertierung von 'double' in 'float', möglicher Datenverlust
     1>c:\users\tobi\documents\visual studio 2013\projects\farbspiel\farbspiel\game.cpp(581): warning C4244: 'Initialisierung': Konvertierung von 'double' in 'int', möglicher Datenverlust
       Link:
         C:\Program Files (x86)\Microsoft Visual Studio 12.0\VC\bin\link.exe /ERRORREPORT:PROMPT /OUT:"C:\Users\Tobi\Documents\Visual Studio 2013\Projects\farbspiel\Debug\farbspiel.exe" /INCREMENTAL /NOLOGO /LIBPATH:SDL2\lib\x86 SDL2.lib SDL2main.lib SDL2_ttf.lib kernel32.lib user32.lib gdi32.lib winspool.lib comdlg32.lib advapi32.lib shell32.lib ole32.lib oleaut32.lib uuid.lib odbc32.lib odbccp32.lib /MANIFEST /MANIFESTUAC:"level='asInvoker' uiAccess='false'" /manifest:embed /DEBUG /PDB:"C:\Users\Tobi\Documents\Visual Studio 2013\Projects\farbspiel\Debug\farbspiel.pdb" /SUBSYSTEM:CONSOLE /TLBID:1 /DYNAMICBASE /NXCOMPAT /IMPLIB:"C:\Users\Tobi\Documents\Visual Studio 2013\Projects\farbspiel\Debug\farbspiel.lib" /MACHINE:X86 Debug\AdditionalFunctions.obj
         Debug\Framework.obj
         Debug\Game.obj
         Debug\main.obj
         Debug\Square.obj
         Debug\Text.obj
         Debug\Timer.obj
         farbspiel.vcxproj -> C:\Users\Tobi\Documents\Visual Studio 2013\Projects\farbspiel\Debug\farbspiel.exe
     1>Die Erstellung des Projekts "C:\Users\Tobi\Documents\Visual Studio 2013\Projects\farbspiel\farbspiel\farbspiel.vcxproj" ist abgeschlossen, Build Ziel(e).

Build erfolgreich.

Verstrichene Zeit 00:00:01.70
